


ARM Macro Assembler    Page 1 


    1 00000000         
    2 00000000                 INCLUDE          remix_core_a_private.h
    1 00000000         
    2 00000000                 EXTERN           gpstrCurTaskReg
    3 00000000                 EXTERN           gpstrNextTaskReg
    4 00000000         
    5 00000000         
    6 00000000                 EXTERN           REMIX_TaskSched
    7 00000000         
    8 00000000                 EXPORT           REMIX_PendSvContextSwitch
    9 00000000                 EXPORT           REMIX_SwitchToTask
   10 00000000                 EXPORT           REMIX_TaskOccurSwi
   11 00000000                 EXPORT           REMIX_GetXpsr
   12 00000000         
   13 00000000                 END
    3 00000000         
    4 00000000                 PRESERVE8
    5 00000000         
    6 00000000                 AREA             REMIX_CORE, CODE, READONLY
    7 00000000                 THUMB
    8 00000000         
    9 00000000         
   10 00000000         REMIX_PendSvContextSwitch
   11 00000000         
   12 00000000 B500            PUSH             {R14}
   13 00000002         
   14 00000002 4821            LDR              R0, =REMIX_TaskSched
   15 00000004 F20F 0E03       ADR.W            R14, {PC} + 0x7
   16 00000008 4700            BX               R0
   17 0000000A         
   18 0000000A 46EE            MOV              R14, R13
   19 0000000C 481F            LDR              R0, =gpstrCurTaskReg
   20 0000000E F8D0 C000       LDR              R12, [R0]
   21 00000012 4660            MOV              R0, R12
   22 00000014 B190            CBZ              R0, __BACKUP_REG
   23 00000016 F10E 0E04       ADD              R14, #0x4
   24 0000001A E8BE 000F       LDMIA            R14!, {R0 - R3}
   25 0000001E E8AC 0FFF       STMIA            R12!, {R0 - R11}
   26 00000022 E89E 000F       LDMIA            R14, {R0 - R3}
   27 00000026 F1AE 0E10       SUB              R14, #0x10
   28 0000002A F84C 0B04       STMIA            R12!, {R0}
   29 0000002E F84C EB04       STMIA            R12!, {R14}
   30 00000032 E8AC 000E       STMIA            R12!, {R1 - R3}
   31 00000036 BC01            POP              {R0}
   32 00000038 F8CC 0000       STMIA            R12, {R0}
   33 0000003C         
   34 0000003C         __BACKUP_REG
   35 0000003C         
   36 0000003C 4814            LDR              R0, =gpstrNextTaskReg
   37 0000003E 6801            LDR              R1, [R0]
   38 00000040 F101 0110       ADD              R1, #0x10
   39 00000044 E8B1 0FF0       LDMIA            R1!, {R4 - R11}
   40 00000048 F101 0104       ADD              R1, #0x4
   41 0000004C F8D1 D000       LDMIA            R1, {R13}
   42 00000050 F101 0110       ADD              R1, #0x10
   43 00000054 6808            LDMIA            R1, {R0}
   44 00000056 4700            BX               R0
   45 00000058         
   46 00000058         



ARM Macro Assembler    Page 2 


   47 00000058         REMIX_SwitchToTask
   48 00000058         
   49 00000058 480D            LDR              R0, =gpstrNextTaskReg
   50 0000005A F8D0 D000       LDR              R13, [R0]
   51 0000005E         
   52 0000005E B010            ADD              R13, #0x40
   53 00000060 BC01            POP              {R0}
   54 00000062 F380 8803       MSR              XPSR, R0
   55 00000066 B082            SUB              R13, #0x8
   56 00000068 9800            LDMIA            R13, {R0}
   57 0000006A B08F            SUB              R13, #0x3C
   58 0000006C F84D 0C04       STMDB            R13, {R0}
   59 00000070 E8BD 1FFF       POP              {R0 - R12}
   60 00000074 B001            ADD              R13, #0x4
   61 00000076 F85D EB04       POP              {LR}
   62 0000007A B090            SUB              R13, #0x40
   63 0000007C BD00            POP              {PC}
   64 0000007E         
   65 0000007E         
   66 0000007E         REMIX_TaskOccurSwi
   67 0000007E         
   68 0000007E DF00            SVC              #0
   69 00000080 4770            BX               R14
   70 00000082         
   71 00000082         
   72 00000082         REMIX_GetXpsr
   73 00000082         
   74 00000082 F3EF 8003       MRS              R0, XPSR
   75 00000086 4770            BX               R14
   76 00000088         
   77 00000088                 ALIGN
   78 00000088         
   79 00000088                 END
              00000000 
              00000000 
              00000000 
Command Line: --debug --xref --cpu=Cortex-M3 --apcs=interwork --depend=..\outfi
le\remix_core_a.d -o..\outfile\remix_core_a.o -I..\kernel -I"C:\Program Files (
x86)\KeilMDK\ARM\RV31\INC" -I"C:\Program Files (x86)\KeilMDK\ARM\CMSIS\Include"
 -I"C:\Program Files (x86)\KeilMDK\ARM\Inc\ST\STM32F10x" --predefine="__MICROLI
B SETA 1" --list=..\outfile\remix_core_a.lst ..\kernel\remix_core_a.asm



ARM Macro Assembler    Page 1 Alphabetic symbol ordering
Relocatable symbols

REMIX_CORE 00000000

Symbol: REMIX_CORE
   Definitions
      At line 6 in file ..\kernel\remix_core_a.asm
   Uses
      None
Comment: REMIX_CORE unused
REMIX_GetXpsr 00000082

Symbol: REMIX_GetXpsr
   Definitions
      At line 72 in file ..\kernel\remix_core_a.asm
   Uses
      At line 11 in file ..\kernel\remix_core_a_private.h
Comment: REMIX_GetXpsr used once
REMIX_PendSvContextSwitch 00000000

Symbol: REMIX_PendSvContextSwitch
   Definitions
      At line 10 in file ..\kernel\remix_core_a.asm
   Uses
      At line 8 in file ..\kernel\remix_core_a_private.h
Comment: REMIX_PendSvContextSwitch used once
REMIX_SwitchToTask 00000058

Symbol: REMIX_SwitchToTask
   Definitions
      At line 47 in file ..\kernel\remix_core_a.asm
   Uses
      At line 9 in file ..\kernel\remix_core_a_private.h
Comment: REMIX_SwitchToTask used once
REMIX_TaskOccurSwi 0000007E

Symbol: REMIX_TaskOccurSwi
   Definitions
      At line 66 in file ..\kernel\remix_core_a.asm
   Uses
      At line 10 in file ..\kernel\remix_core_a_private.h
Comment: REMIX_TaskOccurSwi used once
__BACKUP_REG 0000003C

Symbol: __BACKUP_REG
   Definitions
      At line 34 in file ..\kernel\remix_core_a.asm
   Uses
      At line 22 in file ..\kernel\remix_core_a.asm
Comment: __BACKUP_REG used once
6 symbols



ARM Macro Assembler    Page 1 Alphabetic symbol ordering
External symbols

REMIX_TaskSched 00000000

Symbol: REMIX_TaskSched
   Definitions
      At line 6 in file ..\kernel\remix_core_a_private.h
   Uses
      At line 14 in file ..\kernel\remix_core_a.asm
Comment: REMIX_TaskSched used once
gpstrCurTaskReg 00000000

Symbol: gpstrCurTaskReg
   Definitions
      At line 2 in file ..\kernel\remix_core_a_private.h
   Uses
      At line 19 in file ..\kernel\remix_core_a.asm
Comment: gpstrCurTaskReg used once
gpstrNextTaskReg 00000000

Symbol: gpstrNextTaskReg
   Definitions
      At line 3 in file ..\kernel\remix_core_a_private.h
   Uses
      At line 36 in file ..\kernel\remix_core_a.asm
      At line 49 in file ..\kernel\remix_core_a.asm

3 symbols
342 symbols in table
